<?xml version="1.0" encoding="UTF-8"?>
<!-- Generated by org.testng.reporters.JUnitReportReporter -->
<testsuite skipped="0" hostname="AluMalu" name="com.hrms.testcases.LoginTest" tests="3" failures="0" timestamp="2020-09-06T16:49:04 EDT" time="26.566" errors="0">
  <testcase name="invalidLogin" time="9.576" classname="com.hrms.testcases.LoginTest"/>
  <system-out/>
  <testcase name="invalidLogin" time="8.168" classname="com.hrms.testcases.LoginTest"/>
  <system-out/>
  <testcase name="invalidLogin" time="8.822" classname="com.hrms.testcases.LoginTest"/>
  <system-out/>
</testsuite> <!-- com.hrms.testcases.LoginTest -->
